<?xml version="1.0" encoding="UTF-8"?>
<!-- Generated by org.testng.reporters.JUnitReportReporter -->
<testsuite hostname="IN-L-C1ARRXM" failures="0" tests="2" name="testScripts.registerTest" time="13.788" errors="0" timestamp="2024-02-11T21:13:17 IST" skipped="0">
  <testcase classname="testScripts.registerTest" name="registerMandatoryFields" time="7.277"/>
  <testcase classname="testScripts.registerTest" name="registerAllFields" time="6.511"/>
</testsuite> <!-- testScripts.registerTest -->
