<?xml version="1.0" encoding="UTF-8"?>
<!-- Generated by org.testng.reporters.JUnitReportReporter -->
<testsuite hostname="IN-L-C1ARRXM" failures="0" tests="2" name="testScripts.searchTest" time="10.675" errors="0" timestamp="2024-02-11T21:13:17 IST" skipped="0">
  <testcase classname="testScripts.searchTest" name="searchWithValidProduct" time="3.784"/>
  <testcase classname="testScripts.searchTest" name="searchWithValidInvalidProduct" time="6.891"/>
</testsuite> <!-- testScripts.searchTest -->
