<?xml version="1.0" encoding="UTF-8"?>
<!-- Generated by org.testng.reporters.JUnitReportReporter -->
<testsuite hostname="IN-L-C1ARRXM" failures="0" tests="2" name="testScripts.search" time="15.578" errors="0" timestamp="2024-02-03T00:12:17 IST" skipped="0">
  <testcase classname="testScripts.search" name="searchWithValidProduct" time="8.005"/>
  <testcase classname="testScripts.search" name="searchWithValidInvalidProduct" time="7.573"/>
</testsuite> <!-- testScripts.search -->
