<?xml version="1.0" encoding="UTF-8"?>
<!-- Generated by org.testng.reporters.JUnitReportReporter -->
<testsuite hostname="IN-L-C1ARRXM" failures="0" tests="2" name="testScripts.loginTest" time="13.123" errors="0" timestamp="2024-02-15T22:05:04 IST" skipped="0">
  <testcase classname="testScripts.loginTest" name="loginFunction" time="6.204"/>
  <testcase classname="testScripts.loginTest" name="invalidLogin" time="6.919"/>
</testsuite> <!-- testScripts.loginTest -->
