<?xml version="1.0" encoding="UTF-8"?>
<!-- Generated by org.testng.reporters.JUnitReportReporter -->
<testsuite hostname="IN-L-C1ARRXM" failures="0" tests="2" name="testScripts.register" time="18.697" errors="0" timestamp="2024-02-03T00:12:17 IST" skipped="0">
  <testcase classname="testScripts.register" name="registerMandatoryFields" time="9.190"/>
  <testcase classname="testScripts.register" name="registerAllFields" time="9.507"/>
</testsuite> <!-- testScripts.register -->
